Build started 22/02/2017 4:33:44 PM.
     1>Project "C:\Users\21558188\Desktop\PhD\Code\VS\covImageIntegral2\covImageIntegral2\covImageIntegral2.vcxproj" on node 2 (build target(s)).
     1>InitializeBuildStatus:
         Creating "x64\Release\covImageIntegral2.unsuccessfulbuild" because "AlwaysCreate" was specified.
       ClCompile:
         c:\Program Files (x86)\Microsoft Visual Studio 10.0\VC\bin\x86_amd64\CL.exe /c /Zi /nologo /W3 /WX- /O2 /Oi /GL /D WIN32 /D NDEBUG /D _CONSOLE /D _UNICODE /D UNICODE /Gm- /EHsc /MD /GS /Gy /fp:precise /Zc:wchar_t /Zc:forScope /Fo"x64\Release\\" /Fd"x64\Release\vc100.pdb" /Gd /TP /errorReport:prompt utils.cpp
         utils.cpp
         All outputs are up-to-date.
       Link:
         c:\Program Files (x86)\Microsoft Visual Studio 10.0\VC\bin\x86_amd64\link.exe /ERRORREPORT:PROMPT /OUT:"C:\Users\21558188\Desktop\PhD\Code\VS\covImageIntegral2\x64\Release\covImageIntegral2.exe" /INCREMENTAL:NO /NOLOGO opencv_calib3d2410.lib opencv_contrib2410.lib opencv_core2410.lib opencv_features2d2410.lib opencv_flann2410.lib opencv_gpu2410.lib opencv_highgui2410.lib opencv_imgproc2410.lib opencv_legacy2410.lib opencv_ml2410.lib opencv_nonfree2410.lib opencv_objdetect2410.lib opencv_ocl2410.lib opencv_photo2410.lib opencv_stitching2410.lib opencv_superres2410.lib opencv_videostab2410.lib opencv_video2410.lib opencv_ts2410.lib kernel32.lib user32.lib gdi32.lib winspool.lib comdlg32.lib advapi32.lib shell32.lib ole32.lib oleaut32.lib uuid.lib odbc32.lib odbccp32.lib /MANIFEST /ManifestFile:"x64\Release\covImageIntegral2.exe.intermediate.manifest" /MANIFESTUAC:"level='asInvoker' uiAccess='false'" /DEBUG /PDB:"C:\Users\21558188\Desktop\PhD\Code\VS\covImageIntegral2\x64\Release\covImageIntegral2.pdb" /SUBSYSTEM:CONSOLE /OPT:REF /OPT:ICF /LTCG /TLBID:1 /DYNAMICBASE /NXCOMPAT /IMPLIB:"C:\Users\21558188\Desktop\PhD\Code\VS\covImageIntegral2\x64\Release\covImageIntegral2.lib" /MACHINE:X64 x64\Release\covImage.obj
         x64\Release\Cparticle.obj
         x64\Release\INIReader.obj
         x64\Release\debug.obj
         x64\Release\ini.obj
         x64\Release\Test6.obj
         x64\Release\utils.obj
         Generating code
         Finished generating code
         covImageIntegral2.vcxproj -> C:\Users\21558188\Desktop\PhD\Code\VS\covImageIntegral2\x64\Release\covImageIntegral2.exe
       Manifest:
         c:\Program Files (x86)\Microsoft SDKs\Windows\v7.0A\bin\mt.exe /nologo /verbose /outputresource:"C:\Users\21558188\Desktop\PhD\Code\VS\covImageIntegral2\x64\Release\covImageIntegral2.exe;#1" /manifest x64\Release\covImageIntegral2.exe.intermediate.manifest
       FinalizeBuildStatus:
         Deleting file "x64\Release\covImageIntegral2.unsuccessfulbuild".
         Touching "x64\Release\covImageIntegral2.lastbuildstate".
     1>Done Building Project "C:\Users\21558188\Desktop\PhD\Code\VS\covImageIntegral2\covImageIntegral2\covImageIntegral2.vcxproj" (build target(s)).

Build succeeded.

Time Elapsed 00:00:03.46
