C:\Users\21558188\Desktop\PhD\Code\VS\covImageIntegral2\covImageIntegral2\x64\Release\cl.command.1.tlog
C:\Users\21558188\Desktop\PhD\Code\VS\covImageIntegral2\covImageIntegral2\x64\Release\CL.read.1.tlog
C:\Users\21558188\Desktop\PhD\Code\VS\covImageIntegral2\covImageIntegral2\x64\Release\CL.write.1.tlog
C:\USERS\21558188\DESKTOP\PHD\CODE\VS\COVIMAGEINTEGRAL2\COVIMAGEINTEGRAL2\X64\RELEASE\COVIMAGE.OBJ
C:\USERS\21558188\DESKTOP\PHD\CODE\VS\COVIMAGEINTEGRAL2\COVIMAGEINTEGRAL2\X64\RELEASE\COVIMAGEINTEGRAL2.EXE.INTERMEDIATE.MANIFEST
C:\Users\21558188\Desktop\PhD\Code\VS\covImageIntegral2\covImageIntegral2\x64\Release\covImageIntegral2.write.1.tlog
C:\USERS\21558188\DESKTOP\PHD\CODE\VS\COVIMAGEINTEGRAL2\COVIMAGEINTEGRAL2\X64\RELEASE\CPARTICLE.OBJ
C:\USERS\21558188\DESKTOP\PHD\CODE\VS\COVIMAGEINTEGRAL2\COVIMAGEINTEGRAL2\X64\RELEASE\DEBUG.OBJ
C:\USERS\21558188\DESKTOP\PHD\CODE\VS\COVIMAGEINTEGRAL2\COVIMAGEINTEGRAL2\X64\RELEASE\INI.OBJ
C:\USERS\21558188\DESKTOP\PHD\CODE\VS\COVIMAGEINTEGRAL2\COVIMAGEINTEGRAL2\X64\RELEASE\INIREADER.OBJ
C:\Users\21558188\Desktop\PhD\Code\VS\covImageIntegral2\covImageIntegral2\x64\Release\link.command.1.tlog
C:\Users\21558188\Desktop\PhD\Code\VS\covImageIntegral2\covImageIntegral2\x64\Release\link.read.1.tlog
C:\Users\21558188\Desktop\PhD\Code\VS\covImageIntegral2\covImageIntegral2\x64\Release\link.write.1.tlog
C:\Users\21558188\Desktop\PhD\Code\VS\covImageIntegral2\covImageIntegral2\x64\Release\mt.command.1.tlog
C:\Users\21558188\Desktop\PhD\Code\VS\covImageIntegral2\covImageIntegral2\x64\Release\mt.read.1.tlog
C:\Users\21558188\Desktop\PhD\Code\VS\covImageIntegral2\covImageIntegral2\x64\Release\mt.write.1.tlog
C:\USERS\21558188\DESKTOP\PHD\CODE\VS\COVIMAGEINTEGRAL2\COVIMAGEINTEGRAL2\X64\RELEASE\TEST6.OBJ
C:\USERS\21558188\DESKTOP\PHD\CODE\VS\COVIMAGEINTEGRAL2\COVIMAGEINTEGRAL2\X64\RELEASE\UTILS.OBJ
C:\USERS\21558188\DESKTOP\PHD\CODE\VS\COVIMAGEINTEGRAL2\COVIMAGEINTEGRAL2\X64\RELEASE\VC100.PDB
C:\USERS\21558188\DESKTOP\PHD\CODE\VS\COVIMAGEINTEGRAL2\X64\RELEASE\COVIMAGEINTEGRAL2.EXE
C:\USERS\21558188\DESKTOP\PHD\CODE\VS\COVIMAGEINTEGRAL2\X64\RELEASE\COVIMAGEINTEGRAL2.PDB
