C:\Users\21558188\Desktop\PhD\Code\VS\covImageIntegral2\covImageIntegral2\Debug\cl.command.1.tlog
C:\Users\21558188\Desktop\PhD\Code\VS\covImageIntegral2\covImageIntegral2\Debug\CL.read.1.tlog
C:\Users\21558188\Desktop\PhD\Code\VS\covImageIntegral2\covImageIntegral2\Debug\CL.write.1.tlog
C:\USERS\21558188\DESKTOP\PHD\CODE\VS\COVIMAGEINTEGRAL2\COVIMAGEINTEGRAL2\DEBUG\COVIMAGE.OBJ
C:\Users\21558188\Desktop\PhD\Code\VS\covImageIntegral2\covImageIntegral2\Debug\covImageIntegral2.exe.embed.manifest
C:\USERS\21558188\DESKTOP\PHD\CODE\VS\COVIMAGEINTEGRAL2\COVIMAGEINTEGRAL2\DEBUG\COVIMAGEINTEGRAL2.EXE.EMBED.MANIFEST.RES
C:\Users\21558188\Desktop\PhD\Code\VS\covImageIntegral2\covImageIntegral2\Debug\covImageIntegral2.exe.intermediate.manifest
C:\Users\21558188\Desktop\PhD\Code\VS\covImageIntegral2\covImageIntegral2\Debug\covImageIntegral2.vcxprojResolveAssemblyReference.cache
C:\Users\21558188\Desktop\PhD\Code\VS\covImageIntegral2\covImageIntegral2\Debug\covImageIntegral2.write.1.tlog
C:\Users\21558188\Desktop\PhD\Code\VS\covImageIntegral2\covImageIntegral2\Debug\covImageIntegral2_manifest.rc
C:\USERS\21558188\DESKTOP\PHD\CODE\VS\COVIMAGEINTEGRAL2\COVIMAGEINTEGRAL2\DEBUG\DEBUG.OBJ
C:\Users\21558188\Desktop\PhD\Code\VS\covImageIntegral2\covImageIntegral2\Debug\link.command.1.tlog
C:\Users\21558188\Desktop\PhD\Code\VS\covImageIntegral2\covImageIntegral2\Debug\link.read.1.tlog
C:\Users\21558188\Desktop\PhD\Code\VS\covImageIntegral2\covImageIntegral2\Debug\link.write.1.tlog
C:\Users\21558188\Desktop\PhD\Code\VS\covImageIntegral2\covImageIntegral2\Debug\rc.command.1.tlog
C:\Users\21558188\Desktop\PhD\Code\VS\covImageIntegral2\covImageIntegral2\Debug\rc.read.1.tlog
C:\Users\21558188\Desktop\PhD\Code\VS\covImageIntegral2\covImageIntegral2\Debug\rc.write.1.tlog
C:\USERS\21558188\DESKTOP\PHD\CODE\VS\COVIMAGEINTEGRAL2\COVIMAGEINTEGRAL2\DEBUG\TEST.OBJ
C:\USERS\21558188\DESKTOP\PHD\CODE\VS\COVIMAGEINTEGRAL2\COVIMAGEINTEGRAL2\DEBUG\TEST_MODES.OBJ
C:\USERS\21558188\DESKTOP\PHD\CODE\VS\COVIMAGEINTEGRAL2\COVIMAGEINTEGRAL2\DEBUG\TEST2.OBJ
C:\USERS\21558188\DESKTOP\PHD\CODE\VS\COVIMAGEINTEGRAL2\COVIMAGEINTEGRAL2\DEBUG\UTILS.OBJ
C:\Users\21558188\Desktop\PhD\Code\VS\covImageIntegral2\covImageIntegral2\Debug\vc100.idb
C:\USERS\21558188\DESKTOP\PHD\CODE\VS\COVIMAGEINTEGRAL2\COVIMAGEINTEGRAL2\DEBUG\VC100.PDB
C:\Users\21558188\Desktop\PhD\Code\VS\covImageIntegral2\Debug\covImageIntegral2.pdb
