Build started 2/02/2017 6:49:31 PM.
     1>Project "C:\Users\21558188\Desktop\PhD\Code\VS\covImageIntegral2\covImageIntegral2\covImageIntegral2.vcxproj" on node 2 (build target(s)).
     1>InitializeBuildStatus:
         Creating "Debug\covImageIntegral2.unsuccessfulbuild" because "AlwaysCreate" was specified.
       ClCompile:
         c:\Program Files (x86)\Microsoft Visual Studio 10.0\VC\bin\CL.exe /c /ZI /nologo /W3 /WX- /Od /Oy- /D WIN32 /D _DEBUG /D _CONSOLE /D _UNICODE /D UNICODE /Gm /EHsc /RTC1 /MDd /GS /fp:precise /Zc:wchar_t /Zc:forScope /Fo"Debug\\" /Fd"Debug\vc100.pdb" /Gd /TP /analyze- /errorReport:prompt Cparticle.cpp Test6.cpp utils.cpp
         utils.cpp
     1>c:\users\21558188\desktop\phd\code\vs\covimageintegral2\covimageintegral2\utils.cpp(146): warning C4244: 'argument' : conversion from 'double' to 'int', possible loss of data
     1>c:\users\21558188\desktop\phd\code\vs\covimageintegral2\covimageintegral2\utils.cpp(146): warning C4244: 'argument' : conversion from 'double' to 'int', possible loss of data
     1>c:\users\21558188\desktop\phd\code\vs\covimageintegral2\covimageintegral2\utils.cpp(147): warning C4244: 'argument' : conversion from 'double' to 'int', possible loss of data
     1>c:\users\21558188\desktop\phd\code\vs\covimageintegral2\covimageintegral2\utils.cpp(147): warning C4244: 'argument' : conversion from 'double' to 'int', possible loss of data
         Test6.cpp
         Cparticle.cpp
     1>c:\users\21558188\desktop\phd\code\vs\covimageintegral2\covimageintegral2\cparticle.cpp(49): warning C4244: 'argument' : conversion from 'double' to 'int', possible loss of data
     1>c:\users\21558188\desktop\phd\code\vs\covimageintegral2\covimageintegral2\cparticle.cpp(49): warning C4244: 'argument' : conversion from 'double' to 'int', possible loss of data
     1>c:\users\21558188\desktop\phd\code\vs\covimageintegral2\covimageintegral2\cparticle.cpp(49): warning C4244: 'argument' : conversion from 'double' to 'int', possible loss of data
     1>c:\users\21558188\desktop\phd\code\vs\covimageintegral2\covimageintegral2\cparticle.cpp(49): warning C4244: 'argument' : conversion from 'double' to 'int', possible loss of data
     1>c:\users\21558188\desktop\phd\code\vs\covimageintegral2\covimageintegral2\cparticle.cpp(56): warning C4018: '<' : signed/unsigned mismatch
     1>c:\users\21558188\desktop\phd\code\vs\covimageintegral2\covimageintegral2\cparticle.cpp(62): warning C4018: '<' : signed/unsigned mismatch
         Generating Code...
       Link:
         c:\Program Files (x86)\Microsoft Visual Studio 10.0\VC\bin\link.exe /ERRORREPORT:PROMPT /OUT:"C:\Users\21558188\Desktop\PhD\Code\VS\covImageIntegral2\Debug\covImageIntegral2.exe" /INCREMENTAL:NO /NOLOGO opencv_calib3d2410d.lib opencv_contrib2410d.lib opencv_core2410d.lib opencv_features2d2410d.lib opencv_flann2410d.lib opencv_gpu2410d.lib opencv_highgui2410d.lib opencv_imgproc2410d.lib opencv_legacy2410d.lib opencv_ml2410d.lib opencv_nonfree2410d.lib opencv_objdetect2410d.lib opencv_ocl2410d.lib opencv_photo2410d.lib opencv_stitching2410d.lib opencv_superres2410d.lib opencv_ts2410d.lib opencv_video2410d.lib opencv_videostab2410d.lib kernel32.lib user32.lib gdi32.lib winspool.lib comdlg32.lib advapi32.lib shell32.lib ole32.lib oleaut32.lib uuid.lib odbc32.lib odbccp32.lib /MANIFEST /ManifestFile:"Debug\covImageIntegral2.exe.intermediate.manifest" /MANIFESTUAC:"level='asInvoker' uiAccess='false'" /DEBUG /PDB:"C:\Users\21558188\Desktop\PhD\Code\VS\covImageIntegral2\Debug\covImageIntegral2.pdb" /SUBSYSTEM:CONSOLE /TLBID:1 /DYNAMICBASE /NXCOMPAT /IMPLIB:"C:\Users\21558188\Desktop\PhD\Code\VS\covImageIntegral2\Debug\covImageIntegral2.lib" /MACHINE:X86 Debug\covImage.obj
         Debug\Cparticle.obj
         Debug\debug.obj
         Debug\Test6.obj
         Debug\utils.obj
     1>covImage.obj : warning LNK4075: ignoring '/EDITANDCONTINUE' due to '/INCREMENTAL:NO' specification
         covImageIntegral2.vcxproj -> C:\Users\21558188\Desktop\PhD\Code\VS\covImageIntegral2\Debug\covImageIntegral2.exe
       Manifest:
         c:\Program Files (x86)\Microsoft SDKs\Windows\v7.0A\bin\mt.exe /nologo /verbose /outputresource:"C:\Users\21558188\Desktop\PhD\Code\VS\covImageIntegral2\Debug\covImageIntegral2.exe;#1" /manifest Debug\covImageIntegral2.exe.intermediate.manifest
       FinalizeBuildStatus:
         Deleting file "Debug\covImageIntegral2.unsuccessfulbuild".
         Touching "Debug\covImageIntegral2.lastbuildstate".
     1>Done Building Project "C:\Users\21558188\Desktop\PhD\Code\VS\covImageIntegral2\covImageIntegral2\covImageIntegral2.vcxproj" (build target(s)).

Build succeeded.

Time Elapsed 00:00:04.01
