Build started 22/02/2017 1:59:42 PM.
     1>Project "C:\Users\21558188\Desktop\PhD\Code\VS\covImageIntegral2\covImageIntegral2\covImageIntegral2.vcxproj" on node 2 (build target(s)).
     1>InitializeBuildStatus:
         Creating "x64\Debug\covImageIntegral2.unsuccessfulbuild" because "AlwaysCreate" was specified.
       ClCompile:
         c:\Program Files (x86)\Microsoft Visual Studio 10.0\VC\bin\x86_amd64\CL.exe /c /Zi /nologo /W3 /WX- /Od /D WIN32 /D _DEBUG /D _CONSOLE /D _UNICODE /D UNICODE /Gm /EHsc /RTC1 /MDd /GS /fp:precise /Zc:wchar_t /Zc:forScope /Fo"x64\Debug\\" /Fd"x64\Debug\vc100.pdb" /Gd /TP /errorReport:prompt Cparticle.cpp Test6.cpp utils.cpp
         Cparticle.cpp
         Generating Code...
         Compiling...
         utils.cpp
         Test6.cpp
         Generating Code...
         All outputs are up-to-date.
       Link:
         c:\Program Files (x86)\Microsoft Visual Studio 10.0\VC\bin\x86_amd64\link.exe /ERRORREPORT:PROMPT /OUT:"C:\Users\21558188\Desktop\PhD\Code\VS\covImageIntegral2\x64\Debug\covImageIntegral2.exe" /INCREMENTAL:NO /NOLOGO opencv_calib3d2410d.lib opencv_contrib2410d.lib opencv_core2410d.lib opencv_features2d2410d.lib opencv_flann2410d.lib opencv_gpu2410d.lib opencv_highgui2410d.lib opencv_imgproc2410d.lib opencv_legacy2410d.lib opencv_ml2410d.lib opencv_nonfree2410d.lib opencv_objdetect2410d.lib opencv_ocl2410d.lib opencv_photo2410d.lib opencv_stitching2410d.lib opencv_superres2410d.lib opencv_ts2410d.lib opencv_video2410d.lib opencv_videostab2410d.lib kernel32.lib user32.lib gdi32.lib winspool.lib comdlg32.lib advapi32.lib shell32.lib ole32.lib oleaut32.lib uuid.lib odbc32.lib odbccp32.lib /MANIFEST /ManifestFile:"x64\Debug\covImageIntegral2.exe.intermediate.manifest" /MANIFESTUAC:"level='asInvoker' uiAccess='false'" /DEBUG /PDB:"C:\Users\21558188\Desktop\PhD\Code\VS\covImageIntegral2\x64\Debug\covImageIntegral2.pdb" /SUBSYSTEM:CONSOLE /TLBID:1 /DYNAMICBASE /NXCOMPAT /IMPLIB:"C:\Users\21558188\Desktop\PhD\Code\VS\covImageIntegral2\x64\Debug\covImageIntegral2.lib" /MACHINE:X64 x64\Debug\covImage.obj
         x64\Debug\Cparticle.obj
         x64\Debug\INIReader.obj
         x64\Debug\debug.obj
         x64\Debug\ini.obj
         x64\Debug\Test6.obj
         x64\Debug\utils.obj
         covImageIntegral2.vcxproj -> C:\Users\21558188\Desktop\PhD\Code\VS\covImageIntegral2\x64\Debug\covImageIntegral2.exe
       Manifest:
         c:\Program Files (x86)\Microsoft SDKs\Windows\v7.0A\bin\mt.exe /nologo /verbose /outputresource:"C:\Users\21558188\Desktop\PhD\Code\VS\covImageIntegral2\x64\Debug\covImageIntegral2.exe;#1" /manifest x64\Debug\covImageIntegral2.exe.intermediate.manifest
       FinalizeBuildStatus:
         Deleting file "x64\Debug\covImageIntegral2.unsuccessfulbuild".
         Touching "x64\Debug\covImageIntegral2.lastbuildstate".
     1>Done Building Project "C:\Users\21558188\Desktop\PhD\Code\VS\covImageIntegral2\covImageIntegral2\covImageIntegral2.vcxproj" (build target(s)).

Build succeeded.

Time Elapsed 00:00:03.15
