C:\Users\21558188\Desktop\PhD\Code\VS\covImageIntegral2\covImageIntegral2\x64\Debug\cl.command.1.tlog
C:\Users\21558188\Desktop\PhD\Code\VS\covImageIntegral2\covImageIntegral2\x64\Debug\CL.read.1.tlog
C:\Users\21558188\Desktop\PhD\Code\VS\covImageIntegral2\covImageIntegral2\x64\Debug\CL.write.1.tlog
C:\USERS\21558188\DESKTOP\PHD\CODE\VS\COVIMAGEINTEGRAL2\COVIMAGEINTEGRAL2\X64\DEBUG\COVIMAGE.OBJ
C:\USERS\21558188\DESKTOP\PHD\CODE\VS\COVIMAGEINTEGRAL2\COVIMAGEINTEGRAL2\X64\DEBUG\COVIMAGEINTEGRAL2.EXE.INTERMEDIATE.MANIFEST
C:\Users\21558188\Desktop\PhD\Code\VS\covImageIntegral2\covImageIntegral2\x64\Debug\covImageIntegral2.vcxprojResolveAssemblyReference.cache
C:\Users\21558188\Desktop\PhD\Code\VS\covImageIntegral2\covImageIntegral2\x64\Debug\covImageIntegral2.write.1.tlog
C:\USERS\21558188\DESKTOP\PHD\CODE\VS\COVIMAGEINTEGRAL2\COVIMAGEINTEGRAL2\X64\DEBUG\CPARTICLE.OBJ
C:\USERS\21558188\DESKTOP\PHD\CODE\VS\COVIMAGEINTEGRAL2\COVIMAGEINTEGRAL2\X64\DEBUG\DEBUG.OBJ
C:\USERS\21558188\DESKTOP\PHD\CODE\VS\COVIMAGEINTEGRAL2\COVIMAGEINTEGRAL2\X64\DEBUG\INI.OBJ
C:\USERS\21558188\DESKTOP\PHD\CODE\VS\COVIMAGEINTEGRAL2\COVIMAGEINTEGRAL2\X64\DEBUG\INIREADER.OBJ
C:\Users\21558188\Desktop\PhD\Code\VS\covImageIntegral2\covImageIntegral2\x64\Debug\link.command.1.tlog
C:\Users\21558188\Desktop\PhD\Code\VS\covImageIntegral2\covImageIntegral2\x64\Debug\link.read.1.tlog
C:\Users\21558188\Desktop\PhD\Code\VS\covImageIntegral2\covImageIntegral2\x64\Debug\link.write.1.tlog
C:\Users\21558188\Desktop\PhD\Code\VS\covImageIntegral2\covImageIntegral2\x64\Debug\mt.command.1.tlog
C:\Users\21558188\Desktop\PhD\Code\VS\covImageIntegral2\covImageIntegral2\x64\Debug\mt.read.1.tlog
C:\Users\21558188\Desktop\PhD\Code\VS\covImageIntegral2\covImageIntegral2\x64\Debug\mt.write.1.tlog
C:\USERS\21558188\DESKTOP\PHD\CODE\VS\COVIMAGEINTEGRAL2\COVIMAGEINTEGRAL2\X64\DEBUG\TEST3.OBJ
C:\USERS\21558188\DESKTOP\PHD\CODE\VS\COVIMAGEINTEGRAL2\COVIMAGEINTEGRAL2\X64\DEBUG\TEST6.OBJ
C:\USERS\21558188\DESKTOP\PHD\CODE\VS\COVIMAGEINTEGRAL2\COVIMAGEINTEGRAL2\X64\DEBUG\UTILS.OBJ
C:\Users\21558188\Desktop\PhD\Code\VS\covImageIntegral2\covImageIntegral2\x64\Debug\vc100.idb
C:\USERS\21558188\DESKTOP\PHD\CODE\VS\COVIMAGEINTEGRAL2\COVIMAGEINTEGRAL2\X64\DEBUG\VC100.PDB
C:\USERS\21558188\DESKTOP\PHD\CODE\VS\COVIMAGEINTEGRAL2\X64\DEBUG\COVIMAGEINTEGRAL2.EXE
C:\USERS\21558188\DESKTOP\PHD\CODE\VS\COVIMAGEINTEGRAL2\X64\DEBUG\COVIMAGEINTEGRAL2.PDB
